Determining if the pthread_create exist failed with the following output:
Change Dir: /home/juan/catkin_ws_2/build/catkin_tools_prebuild/CMakeFiles/CMakeTmp

Run Build Command:"/usr/bin/make" "cmTC_206d3/fast"
/usr/bin/make -f CMakeFiles/cmTC_206d3.dir/build.make CMakeFiles/cmTC_206d3.dir/build
make[1]: Entering directory '/home/juan/catkin_ws_2/build/catkin_tools_prebuild/CMakeFiles/CMakeTmp'
Building C object CMakeFiles/cmTC_206d3.dir/CheckSymbolExists.c.o
/usr/bin/cc     -o CMakeFiles/cmTC_206d3.dir/CheckSymbolExists.c.o   -c /home/juan/catkin_ws_2/build/catkin_tools_prebuild/CMakeFiles/CMakeTmp/CheckSymbolExists.c
Linking C executable cmTC_206d3
/usr/bin/cmake -E cmake_link_script CMakeFiles/cmTC_206d3.dir/link.txt --verbose=1
/usr/bin/cc       CMakeFiles/cmTC_206d3.dir/CheckSymbolExists.c.o  -o cmTC_206d3 -rdynamic 
CMakeFiles/cmTC_206d3.dir/CheckSymbolExists.c.o: In function `main':
CheckSymbolExists.c:(.text+0x16): undefined reference to `pthread_create'
collect2: error: ld returned 1 exit status
CMakeFiles/cmTC_206d3.dir/build.make:97: recipe for target 'cmTC_206d3' failed
make[1]: *** [cmTC_206d3] Error 1
make[1]: Leaving directory '/home/juan/catkin_ws_2/build/catkin_tools_prebuild/CMakeFiles/CMakeTmp'
Makefile:126: recipe for target 'cmTC_206d3/fast' failed
make: *** [cmTC_206d3/fast] Error 2

File /home/juan/catkin_ws_2/build/catkin_tools_prebuild/CMakeFiles/CMakeTmp/CheckSymbolExists.c:
/* */
#include <pthread.h>

int main(int argc, char** argv)
{
  (void)argv;
#ifndef pthread_create
  return ((int*)(&pthread_create))[argc];
#else
  (void)argc;
  return 0;
#endif
}

Determining if the function pthread_create exists in the pthreads failed with the following output:
Change Dir: /home/juan/catkin_ws_2/build/catkin_tools_prebuild/CMakeFiles/CMakeTmp

Run Build Command:"/usr/bin/make" "cmTC_18e54/fast"
/usr/bin/make -f CMakeFiles/cmTC_18e54.dir/build.make CMakeFiles/cmTC_18e54.dir/build
make[1]: Entering directory '/home/juan/catkin_ws_2/build/catkin_tools_prebuild/CMakeFiles/CMakeTmp'
Building C object CMakeFiles/cmTC_18e54.dir/CheckFunctionExists.c.o
/usr/bin/cc    -DCHECK_FUNCTION_EXISTS=pthread_create   -o CMakeFiles/cmTC_18e54.dir/CheckFunctionExists.c.o   -c /usr/share/cmake-3.5/Modules/CheckFunctionExists.c
Linking C executable cmTC_18e54
/usr/bin/cmake -E cmake_link_script CMakeFiles/cmTC_18e54.dir/link.txt --verbose=1
/usr/bin/cc   -DCHECK_FUNCTION_EXISTS=pthread_create    CMakeFiles/cmTC_18e54.dir/CheckFunctionExists.c.o  -o cmTC_18e54 -rdynamic -lpthreads 
/usr/bin/ld: cannot find -lpthreads
collect2: error: ld returned 1 exit status
CMakeFiles/cmTC_18e54.dir/build.make:97: recipe for target 'cmTC_18e54' failed
make[1]: *** [cmTC_18e54] Error 1
make[1]: Leaving directory '/home/juan/catkin_ws_2/build/catkin_tools_prebuild/CMakeFiles/CMakeTmp'
Makefile:126: recipe for target 'cmTC_18e54/fast' failed
make: *** [cmTC_18e54/fast] Error 2


