Determining if the pthread_create exist failed with the following output:
Change Dir: /home/juan/catkin_ws_2/build/ros_intro/CMakeFiles/CMakeTmp

Run Build Command:"/usr/bin/make" "cmTC_a011c/fast"
/usr/bin/make -f CMakeFiles/cmTC_a011c.dir/build.make CMakeFiles/cmTC_a011c.dir/build
make[1]: Entering directory '/home/juan/catkin_ws_2/build/ros_intro/CMakeFiles/CMakeTmp'
Building C object CMakeFiles/cmTC_a011c.dir/CheckSymbolExists.c.o
/usr/bin/cc     -o CMakeFiles/cmTC_a011c.dir/CheckSymbolExists.c.o   -c /home/juan/catkin_ws_2/build/ros_intro/CMakeFiles/CMakeTmp/CheckSymbolExists.c
Linking C executable cmTC_a011c
/usr/bin/cmake -E cmake_link_script CMakeFiles/cmTC_a011c.dir/link.txt --verbose=1
/usr/bin/cc       CMakeFiles/cmTC_a011c.dir/CheckSymbolExists.c.o  -o cmTC_a011c -rdynamic 
CMakeFiles/cmTC_a011c.dir/CheckSymbolExists.c.o: In function `main':
CheckSymbolExists.c:(.text+0x16): undefined reference to `pthread_create'
collect2: error: ld returned 1 exit status
CMakeFiles/cmTC_a011c.dir/build.make:97: recipe for target 'cmTC_a011c' failed
make[1]: *** [cmTC_a011c] Error 1
make[1]: Leaving directory '/home/juan/catkin_ws_2/build/ros_intro/CMakeFiles/CMakeTmp'
Makefile:126: recipe for target 'cmTC_a011c/fast' failed
make: *** [cmTC_a011c/fast] Error 2

File /home/juan/catkin_ws_2/build/ros_intro/CMakeFiles/CMakeTmp/CheckSymbolExists.c:
/* */
#include <pthread.h>

int main(int argc, char** argv)
{
  (void)argv;
#ifndef pthread_create
  return ((int*)(&pthread_create))[argc];
#else
  (void)argc;
  return 0;
#endif
}

Determining if the function pthread_create exists in the pthreads failed with the following output:
Change Dir: /home/juan/catkin_ws_2/build/ros_intro/CMakeFiles/CMakeTmp

Run Build Command:"/usr/bin/make" "cmTC_aa817/fast"
/usr/bin/make -f CMakeFiles/cmTC_aa817.dir/build.make CMakeFiles/cmTC_aa817.dir/build
make[1]: Entering directory '/home/juan/catkin_ws_2/build/ros_intro/CMakeFiles/CMakeTmp'
Building C object CMakeFiles/cmTC_aa817.dir/CheckFunctionExists.c.o
/usr/bin/cc    -DCHECK_FUNCTION_EXISTS=pthread_create   -o CMakeFiles/cmTC_aa817.dir/CheckFunctionExists.c.o   -c /usr/share/cmake-3.5/Modules/CheckFunctionExists.c
Linking C executable cmTC_aa817
/usr/bin/cmake -E cmake_link_script CMakeFiles/cmTC_aa817.dir/link.txt --verbose=1
/usr/bin/cc   -DCHECK_FUNCTION_EXISTS=pthread_create    CMakeFiles/cmTC_aa817.dir/CheckFunctionExists.c.o  -o cmTC_aa817 -rdynamic -lpthreads 
/usr/bin/ld: cannot find -lpthreads
collect2: error: ld returned 1 exit status
CMakeFiles/cmTC_aa817.dir/build.make:97: recipe for target 'cmTC_aa817' failed
make[1]: *** [cmTC_aa817] Error 1
make[1]: Leaving directory '/home/juan/catkin_ws_2/build/ros_intro/CMakeFiles/CMakeTmp'
Makefile:126: recipe for target 'cmTC_aa817/fast' failed
make: *** [cmTC_aa817/fast] Error 2


