Determining if the pthread_create exist failed with the following output:
Change Dir: /home/juan/catkin_ws_2/build/modelo_diferencial_catedra/CMakeFiles/CMakeTmp

Run Build Command:"/usr/bin/make" "cmTC_4eec8/fast"
/usr/bin/make -f CMakeFiles/cmTC_4eec8.dir/build.make CMakeFiles/cmTC_4eec8.dir/build
make[1]: Entering directory '/home/juan/catkin_ws_2/build/modelo_diferencial_catedra/CMakeFiles/CMakeTmp'
Building C object CMakeFiles/cmTC_4eec8.dir/CheckSymbolExists.c.o
/usr/bin/cc     -o CMakeFiles/cmTC_4eec8.dir/CheckSymbolExists.c.o   -c /home/juan/catkin_ws_2/build/modelo_diferencial_catedra/CMakeFiles/CMakeTmp/CheckSymbolExists.c
Linking C executable cmTC_4eec8
/usr/bin/cmake -E cmake_link_script CMakeFiles/cmTC_4eec8.dir/link.txt --verbose=1
/usr/bin/cc       CMakeFiles/cmTC_4eec8.dir/CheckSymbolExists.c.o  -o cmTC_4eec8 -rdynamic 
CMakeFiles/cmTC_4eec8.dir/CheckSymbolExists.c.o: In function `main':
CheckSymbolExists.c:(.text+0x16): undefined reference to `pthread_create'
collect2: error: ld returned 1 exit status
CMakeFiles/cmTC_4eec8.dir/build.make:97: recipe for target 'cmTC_4eec8' failed
make[1]: *** [cmTC_4eec8] Error 1
make[1]: Leaving directory '/home/juan/catkin_ws_2/build/modelo_diferencial_catedra/CMakeFiles/CMakeTmp'
Makefile:126: recipe for target 'cmTC_4eec8/fast' failed
make: *** [cmTC_4eec8/fast] Error 2

File /home/juan/catkin_ws_2/build/modelo_diferencial_catedra/CMakeFiles/CMakeTmp/CheckSymbolExists.c:
/* */
#include <pthread.h>

int main(int argc, char** argv)
{
  (void)argv;
#ifndef pthread_create
  return ((int*)(&pthread_create))[argc];
#else
  (void)argc;
  return 0;
#endif
}

Determining if the function pthread_create exists in the pthreads failed with the following output:
Change Dir: /home/juan/catkin_ws_2/build/modelo_diferencial_catedra/CMakeFiles/CMakeTmp

Run Build Command:"/usr/bin/make" "cmTC_d8251/fast"
/usr/bin/make -f CMakeFiles/cmTC_d8251.dir/build.make CMakeFiles/cmTC_d8251.dir/build
make[1]: Entering directory '/home/juan/catkin_ws_2/build/modelo_diferencial_catedra/CMakeFiles/CMakeTmp'
Building C object CMakeFiles/cmTC_d8251.dir/CheckFunctionExists.c.o
/usr/bin/cc    -DCHECK_FUNCTION_EXISTS=pthread_create   -o CMakeFiles/cmTC_d8251.dir/CheckFunctionExists.c.o   -c /usr/share/cmake-3.5/Modules/CheckFunctionExists.c
Linking C executable cmTC_d8251
/usr/bin/cmake -E cmake_link_script CMakeFiles/cmTC_d8251.dir/link.txt --verbose=1
/usr/bin/cc   -DCHECK_FUNCTION_EXISTS=pthread_create    CMakeFiles/cmTC_d8251.dir/CheckFunctionExists.c.o  -o cmTC_d8251 -rdynamic -lpthreads 
/usr/bin/ld: cannot find -lpthreads
collect2: error: ld returned 1 exit status
CMakeFiles/cmTC_d8251.dir/build.make:97: recipe for target 'cmTC_d8251' failed
make[1]: *** [cmTC_d8251] Error 1
make[1]: Leaving directory '/home/juan/catkin_ws_2/build/modelo_diferencial_catedra/CMakeFiles/CMakeTmp'
Makefile:126: recipe for target 'cmTC_d8251/fast' failed
make: *** [cmTC_d8251/fast] Error 2


