Determining if the pthread_create exist failed with the following output:
Change Dir: /home/juan/catkin_ws_2/build/joy/CMakeFiles/CMakeTmp

Run Build Command:"/usr/bin/make" "cmTC_d63c2/fast"
/usr/bin/make -f CMakeFiles/cmTC_d63c2.dir/build.make CMakeFiles/cmTC_d63c2.dir/build
make[1]: Entering directory '/home/juan/catkin_ws_2/build/joy/CMakeFiles/CMakeTmp'
Building C object CMakeFiles/cmTC_d63c2.dir/CheckSymbolExists.c.o
/usr/bin/cc     -o CMakeFiles/cmTC_d63c2.dir/CheckSymbolExists.c.o   -c /home/juan/catkin_ws_2/build/joy/CMakeFiles/CMakeTmp/CheckSymbolExists.c
Linking C executable cmTC_d63c2
/usr/bin/cmake -E cmake_link_script CMakeFiles/cmTC_d63c2.dir/link.txt --verbose=1
/usr/bin/cc       CMakeFiles/cmTC_d63c2.dir/CheckSymbolExists.c.o  -o cmTC_d63c2 -rdynamic 
CMakeFiles/cmTC_d63c2.dir/CheckSymbolExists.c.o: In function `main':
CheckSymbolExists.c:(.text+0x16): undefined reference to `pthread_create'
collect2: error: ld returned 1 exit status
CMakeFiles/cmTC_d63c2.dir/build.make:97: recipe for target 'cmTC_d63c2' failed
make[1]: *** [cmTC_d63c2] Error 1
make[1]: Leaving directory '/home/juan/catkin_ws_2/build/joy/CMakeFiles/CMakeTmp'
Makefile:126: recipe for target 'cmTC_d63c2/fast' failed
make: *** [cmTC_d63c2/fast] Error 2

File /home/juan/catkin_ws_2/build/joy/CMakeFiles/CMakeTmp/CheckSymbolExists.c:
/* */
#include <pthread.h>

int main(int argc, char** argv)
{
  (void)argv;
#ifndef pthread_create
  return ((int*)(&pthread_create))[argc];
#else
  (void)argc;
  return 0;
#endif
}

Determining if the function pthread_create exists in the pthreads failed with the following output:
Change Dir: /home/juan/catkin_ws_2/build/joy/CMakeFiles/CMakeTmp

Run Build Command:"/usr/bin/make" "cmTC_1f62c/fast"
/usr/bin/make -f CMakeFiles/cmTC_1f62c.dir/build.make CMakeFiles/cmTC_1f62c.dir/build
make[1]: Entering directory '/home/juan/catkin_ws_2/build/joy/CMakeFiles/CMakeTmp'
Building C object CMakeFiles/cmTC_1f62c.dir/CheckFunctionExists.c.o
/usr/bin/cc    -DCHECK_FUNCTION_EXISTS=pthread_create   -o CMakeFiles/cmTC_1f62c.dir/CheckFunctionExists.c.o   -c /usr/share/cmake-3.5/Modules/CheckFunctionExists.c
Linking C executable cmTC_1f62c
/usr/bin/cmake -E cmake_link_script CMakeFiles/cmTC_1f62c.dir/link.txt --verbose=1
/usr/bin/cc   -DCHECK_FUNCTION_EXISTS=pthread_create    CMakeFiles/cmTC_1f62c.dir/CheckFunctionExists.c.o  -o cmTC_1f62c -rdynamic -lpthreads 
/usr/bin/ld: cannot find -lpthreads
collect2: error: ld returned 1 exit status
CMakeFiles/cmTC_1f62c.dir/build.make:97: recipe for target 'cmTC_1f62c' failed
make[1]: *** [cmTC_1f62c] Error 1
make[1]: Leaving directory '/home/juan/catkin_ws_2/build/joy/CMakeFiles/CMakeTmp'
Makefile:126: recipe for target 'cmTC_1f62c/fast' failed
make: *** [cmTC_1f62c/fast] Error 2


