Determining if the pthread_create exist failed with the following output:
Change Dir: /home/juan/catkin_ws_2/build/robmovil_ekf/CMakeFiles/CMakeTmp

Run Build Command:"/usr/bin/make" "cmTC_9cdf1/fast"
/usr/bin/make -f CMakeFiles/cmTC_9cdf1.dir/build.make CMakeFiles/cmTC_9cdf1.dir/build
make[1]: Entering directory '/home/juan/catkin_ws_2/build/robmovil_ekf/CMakeFiles/CMakeTmp'
Building C object CMakeFiles/cmTC_9cdf1.dir/CheckSymbolExists.c.o
/usr/bin/cc     -o CMakeFiles/cmTC_9cdf1.dir/CheckSymbolExists.c.o   -c /home/juan/catkin_ws_2/build/robmovil_ekf/CMakeFiles/CMakeTmp/CheckSymbolExists.c
Linking C executable cmTC_9cdf1
/usr/bin/cmake -E cmake_link_script CMakeFiles/cmTC_9cdf1.dir/link.txt --verbose=1
/usr/bin/cc       CMakeFiles/cmTC_9cdf1.dir/CheckSymbolExists.c.o  -o cmTC_9cdf1 -rdynamic 
CMakeFiles/cmTC_9cdf1.dir/CheckSymbolExists.c.o: In function `main':
CheckSymbolExists.c:(.text+0x16): undefined reference to `pthread_create'
collect2: error: ld returned 1 exit status
CMakeFiles/cmTC_9cdf1.dir/build.make:97: recipe for target 'cmTC_9cdf1' failed
make[1]: *** [cmTC_9cdf1] Error 1
make[1]: Leaving directory '/home/juan/catkin_ws_2/build/robmovil_ekf/CMakeFiles/CMakeTmp'
Makefile:126: recipe for target 'cmTC_9cdf1/fast' failed
make: *** [cmTC_9cdf1/fast] Error 2

File /home/juan/catkin_ws_2/build/robmovil_ekf/CMakeFiles/CMakeTmp/CheckSymbolExists.c:
/* */
#include <pthread.h>

int main(int argc, char** argv)
{
  (void)argv;
#ifndef pthread_create
  return ((int*)(&pthread_create))[argc];
#else
  (void)argc;
  return 0;
#endif
}

Determining if the function pthread_create exists in the pthreads failed with the following output:
Change Dir: /home/juan/catkin_ws_2/build/robmovil_ekf/CMakeFiles/CMakeTmp

Run Build Command:"/usr/bin/make" "cmTC_953bf/fast"
/usr/bin/make -f CMakeFiles/cmTC_953bf.dir/build.make CMakeFiles/cmTC_953bf.dir/build
make[1]: Entering directory '/home/juan/catkin_ws_2/build/robmovil_ekf/CMakeFiles/CMakeTmp'
Building C object CMakeFiles/cmTC_953bf.dir/CheckFunctionExists.c.o
/usr/bin/cc    -DCHECK_FUNCTION_EXISTS=pthread_create   -o CMakeFiles/cmTC_953bf.dir/CheckFunctionExists.c.o   -c /usr/share/cmake-3.5/Modules/CheckFunctionExists.c
Linking C executable cmTC_953bf
/usr/bin/cmake -E cmake_link_script CMakeFiles/cmTC_953bf.dir/link.txt --verbose=1
/usr/bin/cc   -DCHECK_FUNCTION_EXISTS=pthread_create    CMakeFiles/cmTC_953bf.dir/CheckFunctionExists.c.o  -o cmTC_953bf -rdynamic -lpthreads 
/usr/bin/ld: cannot find -lpthreads
collect2: error: ld returned 1 exit status
CMakeFiles/cmTC_953bf.dir/build.make:97: recipe for target 'cmTC_953bf' failed
make[1]: *** [cmTC_953bf] Error 1
make[1]: Leaving directory '/home/juan/catkin_ws_2/build/robmovil_ekf/CMakeFiles/CMakeTmp'
Makefile:126: recipe for target 'cmTC_953bf/fast' failed
make: *** [cmTC_953bf/fast] Error 2


